Arguments: 
  /usr/bin/node /usr/local/bin/yarn build

PATH: 
  /home/cliente/.local/bin:/home/cliente/bin:/usr/local/bin:/usr/local/sbin:/usr/bin:/usr/sbin:/var/lib/snapd/snap/bin:/home/cliente/.composer/vendor/bin:/home/cliente/.git-semantic-commits:/home/cliente/.local/bin:/home/cliente/bin:/usr/local/bin:/usr/local/sbin:/usr/bin:/usr/sbin:/var/lib/snapd/snap/bin:/home/cliente/.composer/vendor/bin:/home/cliente/.git-semantic-commits:/home/cliente/.local/bin:/home/cliente/bin:/usr/local/bin:/usr/local/sbin:/usr/bin:/usr/sbin:/var/lib/snapd/snap/bin:/home/cliente/.composer/vendor/bin:/home/cliente/.git-semantic-commits:/home/cliente/.local/bin:/home/cliente/bin:/usr/local/bin:/usr/local/sbin:/usr/bin:/usr/sbin:/var/lib/snapd/snap/bin:/home/cliente/.composer/vendor/bin:/home/cliente/.git-semantic-commits:/home/cliente/.local/bin:/home/cliente/bin:/usr/local/bin:/usr/local/sbin:/usr/bin:/usr/sbin:/var/lib/snapd/snap/bin:/home/cliente/.composer/vendor/bin:/home/cliente/.git-semantic-commits:/home/cliente/.local/bin:/home/cliente/bin:/usr/local/bin:/usr/local/sbin:/usr/bin:/usr/sbin:/var/lib/snapd/snap/bin:/home/cliente/.composer/vendor/bin:/home/cliente/.git-semantic-commits:/home/cliente/.local/bin:/home/cliente/bin:/usr/local/bin:/usr/local/sbin:/usr/bin:/usr/sbin:/var/lib/snapd/snap/bin:/home/cliente/.composer/vendor/bin:/home/cliente/.git-semantic-commits:/home/cliente/.local/bin:/home/cliente/bin:/usr/local/bin:/usr/local/sbin:/usr/bin:/usr/sbin:/var/lib/snapd/snap/bin:/home/cliente/.composer/vendor/bin

Yarn version: 
  1.22.10

Node version: 
  14.17.0

Platform: 
  linux x64

Trace: 
  SyntaxError: /var/www/html/estudos/monorepo/packages/package-1/package.json: Unexpected token } in JSON at position 170
      at JSON.parse (<anonymous>)
      at /usr/local/lib/node_modules/yarn/lib/cli.js:1625:59
      at Generator.next (<anonymous>)
      at step (/usr/local/lib/node_modules/yarn/lib/cli.js:310:30)
      at /usr/local/lib/node_modules/yarn/lib/cli.js:321:13

npm manifest: 
  {
    "name": "package-1",
    "version": "1.0.0",
    "main": "src/index.ts",
    "module": "src/index.ts",
    "scripts": {
      "build": "rm -rf lib/ && tsc -p tsconfig.json",
    },
    "devDependencies": {
      "ts-node-dev": "^1.1.8",
      "tsconfig-paths": "^3.10.1",
      "typescript": "^4.3.5"
    }
  }

yarn manifest: 
  No manifest

Lockfile: 
  No lockfile
